Using pre-set license
Built from '2020.3/staging' branch; Version is '2020.3.11f1 (99c7afb366b3) revision 10078127'; Using compiler version '192528614'; Build Type 'Release'
OS: 'Windows 10 Pro; OS build 19043.1083; Version 2009; 64bit' Language: 'en' Physical Memory: 16238 MB
BatchMode: 1, IsHumanControllingUs: 0, StartBugReporterOnCrash: 0, Is64bit: 1, IsPro: 0

 COMMAND LINE ARGUMENTS:
C:\Program Files\Unity\Hub\Editor\2020.3.11f1\Editor\Unity.exe
-adb2
-batchMode
-noUpm
-name
AssetImportWorker0
-projectPath
D:/orhun/Git/Week4_Runner
-logFile
Logs/AssetImportWorker0.log
-srvPort
54438
Successfully changed project path to: D:/orhun/Git/Week4_Runner
D:/orhun/Git/Week4_Runner
Using Asset Import Pipeline V2.
Refreshing native plugins compatible for Editor in 46.30 ms, found 2 plugins.
Preloading 0 native plugins for Editor in 0.00 ms.
Initialize engine version: 2020.3.11f1 (99c7afb366b3)
[Subsystems] Discovering subsystems at path C:/Program Files/Unity/Hub/Editor/2020.3.11f1/Editor/Data/Resources/UnitySubsystems
[Subsystems] Discovering subsystems at path D:/orhun/Git/Week4_Runner/Assets
GfxDevice: creating device client; threaded=0
Direct3D:
    Version:  Direct3D 11.0 [level 11.1]
    Renderer: NVIDIA GeForce GTX 1050 (ID=0x1c8d)
    Vendor:   
    VRAM:     4050 MB
    Driver:   22.21.13.8205
Initialize mono
Mono path[0] = 'C:/Program Files/Unity/Hub/Editor/2020.3.11f1/Editor/Data/Managed'
Mono path[1] = 'C:/Program Files/Unity/Hub/Editor/2020.3.11f1/Editor/Data/MonoBleedingEdge/lib/mono/unityjit'
Mono config path = 'C:/Program Files/Unity/Hub/Editor/2020.3.11f1/Editor/Data/MonoBleedingEdge/etc'
Using monoOptions --debugger-agent=transport=dt_socket,embedding=1,server=y,suspend=n,address=127.0.0.1:56208
Begin MonoManager ReloadAssembly
Registering precompiled unity dll's ...
Register platform support module: C:/Program Files/Unity/Hub/Editor/2020.3.11f1/Editor/Data/PlaybackEngines/WindowsStandaloneSupport/UnityEditor.WindowsStandalone.Extensions.dll
Registered in 0.002702 seconds.
Native extension for WindowsStandalone target not found
Refreshing native plugins compatible for Editor in 53.94 ms, found 2 plugins.
Preloading 0 native plugins for Editor in 0.00 ms.
Mono: successfully reloaded assembly
- Completed reload, in  1.451 seconds
Platform modules already initialized, skipping
Registering precompiled user dll's ...
Registered in 0.099334 seconds.
Begin MonoManager ReloadAssembly
Native extension for WindowsStandalone target not found
Refreshing native plugins compatible for Editor in 52.25 ms, found 2 plugins.
Preloading 0 native plugins for Editor in 0.00 ms.
Mono: successfully reloaded assembly
- Completed reload, in  2.048 seconds
Platform modules already initialized, skipping
========================================================================
Worker process is ready to serve import requests
Launched and connected shader compiler UnityShaderCompiler.exe after 0.04 seconds
Refreshing native plugins compatible for Editor in 0.66 ms, found 2 plugins.
Preloading 0 native plugins for Editor in 0.00 ms.
Unloading 1645 Unused Serialized files (Serialized files now loaded: 0)
System memory in use before: 86.5 MB.
System memory in use after: 86.6 MB.

Unloading 20 unused Assets to reduce memory usage. Loaded Objects now: 2078.
Total: 5.007600 ms (FindLiveObjects: 0.388800 ms CreateObjectMapping: 0.160500 ms MarkObjects: 4.335200 ms  DeleteObjects: 0.120800 ms)

========================================================================
Received Import Request.
  path: Assets/Scripts/GameManager.cs
  artifactKey: Guid(fe613be0c08b00845b4456852695d951) Importer(815301076,1909f56bfc062723c751e8b465ee728b)
Start importing Assets/Scripts/GameManager.cs using Guid(fe613be0c08b00845b4456852695d951) Importer(815301076,1909f56bfc062723c751e8b465ee728b)  -> (artifact id: 'fb53370681118966a9882aed13e718a9') in 0.038088 seconds
  Import took 0.042604 seconds .

========================================================================
Received Prepare
Registering precompiled user dll's ...
Registered in 0.005810 seconds.
Begin MonoManager ReloadAssembly
Native extension for WindowsStandalone target not found
Refreshing native plugins compatible for Editor in 0.82 ms, found 2 plugins.
Preloading 0 native plugins for Editor in 0.00 ms.
Mono: successfully reloaded assembly
- Completed reload, in  1.408 seconds
Platform modules already initialized, skipping
Switching build target platform(19) subTarget(0) extendedPlatform(0) -> platform(9) subTarget(16777218) extendedPlatform(0)
Refreshing native plugins compatible for Editor in 0.42 ms, found 2 plugins.
Preloading 0 native plugins for Editor in 0.00 ms.
Unloading 1614 Unused Serialized files (Serialized files now loaded: 0)
System memory in use before: 83.4 MB.
System memory in use after: 83.4 MB.

Unloading 15 unused Assets to reduce memory usage. Loaded Objects now: 2082.
Total: 2.446700 ms (FindLiveObjects: 0.166000 ms CreateObjectMapping: 0.061900 ms MarkObjects: 2.151700 ms  DeleteObjects: 0.065200 ms)

AssetImportParameters requested are different than current active one (requested -> active):
  custom:graphics/normal-map-encoding: 01000000000000000000000000000000 -> 02000000000000000000000000000000
========================================================================
Received Import Request.
  Time since last request: 685.808558 seconds.
  path: Assets/Scripts/CameraAnim.controller
  artifactKey: Guid(f2d0b23864c7ff042ab09385d0bd7493) Importer(815301076,1909f56bfc062723c751e8b465ee728b)
Start importing Assets/Scripts/CameraAnim.controller using Guid(f2d0b23864c7ff042ab09385d0bd7493) Importer(815301076,1909f56bfc062723c751e8b465ee728b)  -> (artifact id: 'e99f1e68625c976c35b65a1590b64be6') in 0.029901 seconds
  Import took 0.033784 seconds .

========================================================================
Received Prepare
Registering precompiled user dll's ...
Registered in 0.005679 seconds.
Begin MonoManager ReloadAssembly
Native extension for WindowsStandalone target not found
Refreshing native plugins compatible for Editor in 0.39 ms, found 2 plugins.
Preloading 0 native plugins for Editor in 0.00 ms.
Mono: successfully reloaded assembly
- Completed reload, in  1.186 seconds
Platform modules already initialized, skipping
Switching build target platform(19) subTarget(0) extendedPlatform(0) -> platform(9) subTarget(16777218) extendedPlatform(0)
Refreshing native plugins compatible for Editor in 0.37 ms, found 2 plugins.
Preloading 0 native plugins for Editor in 0.00 ms.
Unloading 1614 Unused Serialized files (Serialized files now loaded: 0)
System memory in use before: 83.4 MB.
System memory in use after: 83.5 MB.

Unloading 15 unused Assets to reduce memory usage. Loaded Objects now: 2085.
Total: 2.802100 ms (FindLiveObjects: 0.176900 ms CreateObjectMapping: 0.055500 ms MarkObjects: 2.457200 ms  DeleteObjects: 0.111300 ms)

AssetImportParameters requested are different than current active one (requested -> active):
  custom:graphics/normal-map-encoding: 01000000000000000000000000000000 -> 02000000000000000000000000000000
========================================================================
Received Import Request.
  Time since last request: 153.202313 seconds.
  path: Assets/Scripts/GameManager.cs
  artifactKey: Guid(fe613be0c08b00845b4456852695d951) Importer(815301076,1909f56bfc062723c751e8b465ee728b)
Start importing Assets/Scripts/GameManager.cs using Guid(fe613be0c08b00845b4456852695d951) Importer(815301076,1909f56bfc062723c751e8b465ee728b)  -> (artifact id: 'e59e19fb0174ade6e06e1f02ea138545') in 0.010847 seconds
  Import took 0.014663 seconds .

========================================================================
Received Prepare
Registering precompiled user dll's ...
Registered in 0.005862 seconds.
Begin MonoManager ReloadAssembly
Native extension for WindowsStandalone target not found
Refreshing native plugins compatible for Editor in 0.42 ms, found 2 plugins.
Preloading 0 native plugins for Editor in 0.00 ms.
Mono: successfully reloaded assembly
- Completed reload, in  1.186 seconds
Platform modules already initialized, skipping
Switching build target platform(19) subTarget(0) extendedPlatform(0) -> platform(9) subTarget(16777218) extendedPlatform(0)
Refreshing native plugins compatible for Editor in 0.44 ms, found 2 plugins.
Preloading 0 native plugins for Editor in 0.00 ms.
Unloading 1614 Unused Serialized files (Serialized files now loaded: 0)
System memory in use before: 83.4 MB.
System memory in use after: 83.5 MB.

Unloading 15 unused Assets to reduce memory usage. Loaded Objects now: 2088.
Total: 2.229200 ms (FindLiveObjects: 0.162100 ms CreateObjectMapping: 0.057900 ms MarkObjects: 1.948200 ms  DeleteObjects: 0.059500 ms)

AssetImportParameters requested are different than current active one (requested -> active):
  custom:graphics/normal-map-encoding: 01000000000000000000000000000000 -> 02000000000000000000000000000000
========================================================================
Received Prepare
Registering precompiled user dll's ...
Registered in 0.008316 seconds.
Begin MonoManager ReloadAssembly
Native extension for WindowsStandalone target not found
Refreshing native plugins compatible for Editor in 0.42 ms, found 2 plugins.
Preloading 0 native plugins for Editor in 0.00 ms.
Mono: successfully reloaded assembly
- Completed reload, in  1.231 seconds
Platform modules already initialized, skipping
Switching build target platform(19) subTarget(0) extendedPlatform(0) -> platform(9) subTarget(16777218) extendedPlatform(0)
Refreshing native plugins compatible for Editor in 0.44 ms, found 2 plugins.
Preloading 0 native plugins for Editor in 0.00 ms.
Unloading 1614 Unused Serialized files (Serialized files now loaded: 0)
System memory in use before: 83.4 MB.
System memory in use after: 83.5 MB.

Unloading 15 unused Assets to reduce memory usage. Loaded Objects now: 2091.
Total: 2.393400 ms (FindLiveObjects: 0.192500 ms CreateObjectMapping: 0.069100 ms MarkObjects: 2.063400 ms  DeleteObjects: 0.067200 ms)

AssetImportParameters requested are different than current active one (requested -> active):
  custom:graphics/normal-map-encoding: 01000000000000000000000000000000 -> 02000000000000000000000000000000
========================================================================
Received Prepare
Registering precompiled user dll's ...
Registered in 0.007451 seconds.
Begin MonoManager ReloadAssembly
Native extension for WindowsStandalone target not found
Refreshing native plugins compatible for Editor in 2.39 ms, found 2 plugins.
Preloading 0 native plugins for Editor in 0.00 ms.
Mono: successfully reloaded assembly
- Completed reload, in  1.222 seconds
Platform modules already initialized, skipping
Switching build target platform(19) subTarget(0) extendedPlatform(0) -> platform(9) subTarget(16777218) extendedPlatform(0)
Refreshing native plugins compatible for Editor in 0.36 ms, found 2 plugins.
Preloading 0 native plugins for Editor in 0.00 ms.
Unloading 1614 Unused Serialized files (Serialized files now loaded: 0)
System memory in use before: 83.4 MB.
System memory in use after: 83.5 MB.

Unloading 15 unused Assets to reduce memory usage. Loaded Objects now: 2094.
Total: 2.439800 ms (FindLiveObjects: 0.196900 ms CreateObjectMapping: 0.057200 ms MarkObjects: 2.036100 ms  DeleteObjects: 0.120300 ms)

AssetImportParameters requested are different than current active one (requested -> active):
  custom:graphics/normal-map-encoding: 01000000000000000000000000000000 -> 02000000000000000000000000000000
========================================================================
Received Prepare
Registering precompiled user dll's ...
Registered in 0.005702 seconds.
Begin MonoManager ReloadAssembly
Native extension for WindowsStandalone target not found
Refreshing native plugins compatible for Editor in 0.41 ms, found 2 plugins.
Preloading 0 native plugins for Editor in 0.00 ms.
Mono: successfully reloaded assembly
- Completed reload, in  1.183 seconds
Platform modules already initialized, skipping
Switching build target platform(19) subTarget(0) extendedPlatform(0) -> platform(9) subTarget(16777218) extendedPlatform(0)
Refreshing native plugins compatible for Editor in 0.44 ms, found 2 plugins.
Preloading 0 native plugins for Editor in 0.00 ms.
Unloading 1613 Unused Serialized files (Serialized files now loaded: 0)
System memory in use before: 83.4 MB.
System memory in use after: 83.5 MB.

Unloading 16 unused Assets to reduce memory usage. Loaded Objects now: 2096.
Total: 2.119500 ms (FindLiveObjects: 0.164700 ms CreateObjectMapping: 0.058600 ms MarkObjects: 1.831600 ms  DeleteObjects: 0.063400 ms)

AssetImportParameters requested are different than current active one (requested -> active):
  custom:graphics/normal-map-encoding: 01000000000000000000000000000000 -> 02000000000000000000000000000000
========================================================================
Received Import Request.
  Time since last request: 721.204771 seconds.
  path: Assets/Scripts/GameManager.cs
  artifactKey: Guid(fe613be0c08b00845b4456852695d951) Importer(815301076,1909f56bfc062723c751e8b465ee728b)
Start importing Assets/Scripts/GameManager.cs using Guid(fe613be0c08b00845b4456852695d951) Importer(815301076,1909f56bfc062723c751e8b465ee728b)  -> (artifact id: 'ebc527d913e4819923cc775e9f1feaf8') in 0.007452 seconds
  Import took 0.010557 seconds .

========================================================================
Received Import Request.
  Time since last request: 38.737380 seconds.
  path: Assets/_MK/MKToon
  artifactKey: Guid(bc9a23cef60c78e46924e5d40b0c2a16) Importer(815301076,1909f56bfc062723c751e8b465ee728b)
Start importing Assets/_MK/MKToon using Guid(bc9a23cef60c78e46924e5d40b0c2a16) Importer(815301076,1909f56bfc062723c751e8b465ee728b)  -> (artifact id: '6ff046b800acd18d00af9e853d2cef41') in 0.009691 seconds
  Import took 0.012985 seconds .

========================================================================
Received Import Request.
  Time since last request: 3.888818 seconds.
  path: Assets/_MK/MKToon/ExamplesBuiltin.unitypackage
  artifactKey: Guid(bda7aefb5fedd2d49be1274e3cb409e7) Importer(815301076,1909f56bfc062723c751e8b465ee728b)
Start importing Assets/_MK/MKToon/ExamplesBuiltin.unitypackage using Guid(bda7aefb5fedd2d49be1274e3cb409e7) Importer(815301076,1909f56bfc062723c751e8b465ee728b)  -> (artifact id: '6f9603a92cd7b3c959e37665f7c65345') in 0.043245 seconds
  Import took 0.047013 seconds .

========================================================================
Received Import Request.
  Time since last request: 374.246068 seconds.
  path: Assets/_MK/MKToon/Examples
  artifactKey: Guid(7a0d8743b42d6cd448bd993feac66e77) Importer(815301076,1909f56bfc062723c751e8b465ee728b)
Start importing Assets/_MK/MKToon/Examples using Guid(7a0d8743b42d6cd448bd993feac66e77) Importer(815301076,1909f56bfc062723c751e8b465ee728b)  -> (artifact id: '404efb2c7f77e09f9a5934af46b2dd6d') in 0.010347 seconds
  Import took 0.014275 seconds .

========================================================================
Received Import Request.
  Time since last request: 1.725938 seconds.
  path: Assets/_MK/MKToon/Examples/Outlines
  artifactKey: Guid(93c77baad9db7d14383fe4d606cfec2a) Importer(815301076,1909f56bfc062723c751e8b465ee728b)
Start importing Assets/_MK/MKToon/Examples/Outlines using Guid(93c77baad9db7d14383fe4d606cfec2a) Importer(815301076,1909f56bfc062723c751e8b465ee728b)  -> (artifact id: 'c6aba3b050cd39360450d28271efd082') in 0.009327 seconds
  Import took 0.013309 seconds .

========================================================================
Received Import Request.
  Time since last request: 1.519074 seconds.
  path: Assets/_MK/MKToon/Examples/Outlines/Outlines.unity
  artifactKey: Guid(92b68c185c4656f42892d46ca83dd3f9) Importer(815301076,1909f56bfc062723c751e8b465ee728b)
Start importing Assets/_MK/MKToon/Examples/Outlines/Outlines.unity using Guid(92b68c185c4656f42892d46ca83dd3f9) Importer(815301076,1909f56bfc062723c751e8b465ee728b)  -> (artifact id: '6c1d31429f2539f65e377a49213a8790') in 0.010054 seconds
  Import took 0.012851 seconds .

========================================================================
Received Import Request.
  Time since last request: 53.349629 seconds.
  path: Assets/Scenes/InGame.unity
  artifactKey: Guid(9fc0d4010bbf28b4594072e72b8655ab) Importer(815301076,1909f56bfc062723c751e8b465ee728b)
Start importing Assets/Scenes/InGame.unity using Guid(9fc0d4010bbf28b4594072e72b8655ab) Importer(815301076,1909f56bfc062723c751e8b465ee728b)  -> (artifact id: '55484cbcff6ac8ec8279975a461124c0') in 0.012540 seconds
  Import took 0.016305 seconds .

========================================================================
Received Import Request.
  Time since last request: 69.061421 seconds.
  path: Assets/Road/Road_Model.fbx
  artifactKey: Guid(6765d0e0308196043a9f6f69ede0daad) Importer(815301076,1909f56bfc062723c751e8b465ee728b)
Start importing Assets/Road/Road_Model.fbx using Guid(6765d0e0308196043a9f6f69ede0daad) Importer(815301076,1909f56bfc062723c751e8b465ee728b)  -> (artifact id: '6b4a26865b9a21f849b3620486037509') in 0.406872 seconds
  Import took 0.410475 seconds .

========================================================================
Received Import Request.
  Time since last request: 6.248795 seconds.
  path: Assets/Road/Road_Model.fbx
  artifactKey: Guid(6765d0e0308196043a9f6f69ede0daad) Importer(815301076,1909f56bfc062723c751e8b465ee728b)
Start importing Assets/Road/Road_Model.fbx using Guid(6765d0e0308196043a9f6f69ede0daad) Importer(815301076,1909f56bfc062723c751e8b465ee728b)  -> (artifact id: '87e2fc20252195fdf8f647200111270e') in 0.022739 seconds
  Import took 0.026501 seconds .

========================================================================
Received Import Request.
  Time since last request: 0.018312 seconds.
  path: Assets/Road/Road_Model.fbx
  artifactKey: Guid(6765d0e0308196043a9f6f69ede0daad) Importer(815301076,1909f56bfc062723c751e8b465ee728b)
Start importing Assets/Road/Road_Model.fbx using Guid(6765d0e0308196043a9f6f69ede0daad) Importer(815301076,1909f56bfc062723c751e8b465ee728b)  -> (artifact id: '87e2fc20252195fdf8f647200111270e') in 0.015675 seconds
  Import took 0.019999 seconds .

========================================================================
Received Import Request.
  Time since last request: 2.116020 seconds.
  path: Assets/Road/Road_Model.fbx
  artifactKey: Guid(6765d0e0308196043a9f6f69ede0daad) Importer(815301076,1909f56bfc062723c751e8b465ee728b)
Start importing Assets/Road/Road_Model.fbx using Guid(6765d0e0308196043a9f6f69ede0daad) Importer(815301076,1909f56bfc062723c751e8b465ee728b)  -> (artifact id: 'f27179c0a29762e74d13dcf8f3be2727') in 0.015334 seconds
  Import took 0.019053 seconds .

========================================================================
Received Import Request.
  Time since last request: 9.025289 seconds.
  path: Assets/Road/Road_Model.fbx
  artifactKey: Guid(6765d0e0308196043a9f6f69ede0daad) Importer(815301076,1909f56bfc062723c751e8b465ee728b)
Start importing Assets/Road/Road_Model.fbx using Guid(6765d0e0308196043a9f6f69ede0daad) Importer(815301076,1909f56bfc062723c751e8b465ee728b)  -> (artifact id: 'c2a128aef495560163479315521c5eeb') in 0.016716 seconds
  Import took 0.020512 seconds .

========================================================================
Received Import Request.
  Time since last request: 41.144193 seconds.
  path: Assets/Road/Road_Model.fbx
  artifactKey: Guid(6765d0e0308196043a9f6f69ede0daad) Importer(815301076,1909f56bfc062723c751e8b465ee728b)
Start importing Assets/Road/Road_Model.fbx using Guid(6765d0e0308196043a9f6f69ede0daad) Importer(815301076,1909f56bfc062723c751e8b465ee728b)  -> (artifact id: '791dd72c5ec959a2060b8756e769afec') in 0.014975 seconds
  Import took 0.017910 seconds .

========================================================================
Received Import Request.
  Time since last request: 176.314178 seconds.
  path: Assets/Road/roadmodel.fbx
  artifactKey: Guid(b0810a1e57a1c574d8c3b7074252ddb9) Importer(815301076,1909f56bfc062723c751e8b465ee728b)
Start importing Assets/Road/roadmodel.fbx using Guid(b0810a1e57a1c574d8c3b7074252ddb9) Importer(815301076,1909f56bfc062723c751e8b465ee728b)  -> (artifact id: '8116281577b098a4f4af61cbb3bac84d') in 0.044976 seconds
  Import took 0.050337 seconds .

========================================================================
Received Import Request.
  Time since last request: 0.003326 seconds.
  path: Assets/Road/roadmodel.fbx
  artifactKey: Guid(b0810a1e57a1c574d8c3b7074252ddb9) Importer(815301076,1909f56bfc062723c751e8b465ee728b)
Start importing Assets/Road/roadmodel.fbx using Guid(b0810a1e57a1c574d8c3b7074252ddb9) Importer(815301076,1909f56bfc062723c751e8b465ee728b)  -> (artifact id: '8116281577b098a4f4af61cbb3bac84d') in 0.019926 seconds
  Import took 0.023224 seconds .

========================================================================
Received Prepare
Registering precompiled user dll's ...
Registered in 0.006527 seconds.
Begin MonoManager ReloadAssembly
Native extension for WindowsStandalone target not found
Refreshing native plugins compatible for Editor in 0.53 ms, found 2 plugins.
Preloading 0 native plugins for Editor in 0.00 ms.
Mono: successfully reloaded assembly
- Completed reload, in  1.221 seconds
Platform modules already initialized, skipping
Switching build target platform(19) subTarget(0) extendedPlatform(0) -> platform(9) subTarget(16777218) extendedPlatform(0)
Refreshing native plugins compatible for Editor in 0.40 ms, found 2 plugins.
Preloading 0 native plugins for Editor in 0.00 ms.
Unloading 1613 Unused Serialized files (Serialized files now loaded: 0)
System memory in use before: 87.6 MB.
System memory in use after: 87.7 MB.

Unloading 15 unused Assets to reduce memory usage. Loaded Objects now: 2143.
Total: 2.221200 ms (FindLiveObjects: 0.162400 ms CreateObjectMapping: 0.131700 ms MarkObjects: 1.806600 ms  DeleteObjects: 0.119500 ms)

AssetImportParameters requested are different than current active one (requested -> active):
  custom:graphics/normal-map-encoding: 01000000000000000000000000000000 -> 02000000000000000000000000000000
========================================================================
Received Prepare
Registering precompiled user dll's ...
Registered in 0.005778 seconds.
Begin MonoManager ReloadAssembly
Native extension for WindowsStandalone target not found
Refreshing native plugins compatible for Editor in 0.41 ms, found 2 plugins.
Preloading 0 native plugins for Editor in 0.00 ms.
Mono: successfully reloaded assembly
- Completed reload, in  1.170 seconds
Platform modules already initialized, skipping
Switching build target platform(19) subTarget(0) extendedPlatform(0) -> platform(9) subTarget(16777218) extendedPlatform(0)
Refreshing native plugins compatible for Editor in 0.36 ms, found 2 plugins.
Preloading 0 native plugins for Editor in 0.00 ms.
Unloading 1613 Unused Serialized files (Serialized files now loaded: 0)
System memory in use before: 87.6 MB.
System memory in use after: 87.7 MB.

Unloading 15 unused Assets to reduce memory usage. Loaded Objects now: 2146.
Total: 2.622200 ms (FindLiveObjects: 0.263900 ms CreateObjectMapping: 0.053900 ms MarkObjects: 2.174400 ms  DeleteObjects: 0.129300 ms)

AssetImportParameters requested are different than current active one (requested -> active):
  custom:graphics/normal-map-encoding: 01000000000000000000000000000000 -> 02000000000000000000000000000000
========================================================================
Received Import Request.
  Time since last request: 197.439235 seconds.
  path: Assets/Road/Model.fbx
  artifactKey: Guid(b0810a1e57a1c574d8c3b7074252ddb9) Importer(815301076,1909f56bfc062723c751e8b465ee728b)
Start importing Assets/Road/Model.fbx using Guid(b0810a1e57a1c574d8c3b7074252ddb9) Importer(815301076,1909f56bfc062723c751e8b465ee728b)  -> (artifact id: '69001477cf1cf937a60edf50ca78c7f9') in 0.100084 seconds
  Import took 0.103524 seconds .

========================================================================
Received Prepare
Registering precompiled user dll's ...
Registered in 0.005556 seconds.
Begin MonoManager ReloadAssembly
Native extension for WindowsStandalone target not found
Refreshing native plugins compatible for Editor in 0.43 ms, found 2 plugins.
Preloading 0 native plugins for Editor in 0.00 ms.
Mono: successfully reloaded assembly
- Completed reload, in  1.159 seconds
Platform modules already initialized, skipping
Switching build target platform(19) subTarget(0) extendedPlatform(0) -> platform(9) subTarget(16777218) extendedPlatform(0)
Refreshing native plugins compatible for Editor in 0.42 ms, found 2 plugins.
Preloading 0 native plugins for Editor in 0.00 ms.
Unloading 1613 Unused Serialized files (Serialized files now loaded: 0)
System memory in use before: 87.6 MB.
System memory in use after: 87.7 MB.

Unloading 15 unused Assets to reduce memory usage. Loaded Objects now: 2150.
Total: 2.366800 ms (FindLiveObjects: 0.167000 ms CreateObjectMapping: 0.055700 ms MarkObjects: 2.034000 ms  DeleteObjects: 0.109100 ms)

AssetImportParameters requested are different than current active one (requested -> active):
  custom:graphics/normal-map-encoding: 01000000000000000000000000000000 -> 02000000000000000000000000000000
========================================================================
Received Import Request.
  Time since last request: 140.106732 seconds.
  path: Assets/Road/Model.fbx
  artifactKey: Guid(b0810a1e57a1c574d8c3b7074252ddb9) Importer(815301076,1909f56bfc062723c751e8b465ee728b)
Start importing Assets/Road/Model.fbx using Guid(b0810a1e57a1c574d8c3b7074252ddb9) Importer(815301076,1909f56bfc062723c751e8b465ee728b)  -> (artifact id: '99648dec4b3847834c962034515aeb4c') in 0.081695 seconds
  Import took 0.084780 seconds .

========================================================================
Received Prepare
Registering precompiled user dll's ...
Registered in 0.005485 seconds.
Begin MonoManager ReloadAssembly
Native extension for WindowsStandalone target not found
Refreshing native plugins compatible for Editor in 0.60 ms, found 2 plugins.
Preloading 0 native plugins for Editor in 0.00 ms.
Mono: successfully reloaded assembly
- Completed reload, in  1.168 seconds
Platform modules already initialized, skipping
Switching build target platform(19) subTarget(0) extendedPlatform(0) -> platform(9) subTarget(16777218) extendedPlatform(0)
Refreshing native plugins compatible for Editor in 0.36 ms, found 2 plugins.
Preloading 0 native plugins for Editor in 0.00 ms.
Unloading 1613 Unused Serialized files (Serialized files now loaded: 0)
System memory in use before: 87.6 MB.
System memory in use after: 87.7 MB.

Unloading 15 unused Assets to reduce memory usage. Loaded Objects now: 2154.
Total: 2.526000 ms (FindLiveObjects: 0.285000 ms CreateObjectMapping: 0.076100 ms MarkObjects: 2.076900 ms  DeleteObjects: 0.087000 ms)

AssetImportParameters requested are different than current active one (requested -> active):
  custom:graphics/normal-map-encoding: 01000000000000000000000000000000 -> 02000000000000000000000000000000
========================================================================
Received Import Request.
  Time since last request: 2344.874253 seconds.
  path: Assets/coin.fbx
  artifactKey: Guid(92f937f9fd8b73a40aca1700935f1c48) Importer(815301076,1909f56bfc062723c751e8b465ee728b)
Start importing Assets/coin.fbx using Guid(92f937f9fd8b73a40aca1700935f1c48) Importer(815301076,1909f56bfc062723c751e8b465ee728b)  -> (artifact id: 'e3464935e2e1ff4d9a4a9d28cdf09888') in 0.140405 seconds
  Import took 0.144006 seconds .

========================================================================
Received Import Request.
  Time since last request: 74.278766 seconds.
  path: Assets/coin.fbx
  artifactKey: Guid(92f937f9fd8b73a40aca1700935f1c48) Importer(815301076,1909f56bfc062723c751e8b465ee728b)
Start importing Assets/coin.fbx using Guid(92f937f9fd8b73a40aca1700935f1c48) Importer(815301076,1909f56bfc062723c751e8b465ee728b)  -> (artifact id: 'c2d543fbaf8ef47cb89c89e2105b55e6') in 0.555499 seconds
  Import took 0.558881 seconds .

========================================================================
Received Import Request.
  Time since last request: 18.693434 seconds.
  path: Assets/coin.fbx
  artifactKey: Guid(92f937f9fd8b73a40aca1700935f1c48) Importer(815301076,1909f56bfc062723c751e8b465ee728b)
Start importing Assets/coin.fbx using Guid(92f937f9fd8b73a40aca1700935f1c48) Importer(815301076,1909f56bfc062723c751e8b465ee728b)  -> (artifact id: 'a6142e085561bd956163504cebc8ccd4') in 0.468846 seconds
  Import took 0.472036 seconds .

========================================================================
Received Import Request.
  Time since last request: 5.143367 seconds.
  path: Assets/Coin
  artifactKey: Guid(dd0ea0975ae3add418266349f37090c6) Importer(815301076,1909f56bfc062723c751e8b465ee728b)
Start importing Assets/Coin using Guid(dd0ea0975ae3add418266349f37090c6) Importer(815301076,1909f56bfc062723c751e8b465ee728b)  -> (artifact id: '17591e5385d1c755cbb43b99dcf98b17') in 0.009438 seconds
  Import took 0.012324 seconds .

========================================================================
Received Import Request.
  Time since last request: 1.814170 seconds.
  path: Assets/Coin/Materials
  artifactKey: Guid(295a00c7b0da1a54ab5f18a58ab2f23c) Importer(815301076,1909f56bfc062723c751e8b465ee728b)
Start importing Assets/Coin/Materials using Guid(295a00c7b0da1a54ab5f18a58ab2f23c) Importer(815301076,1909f56bfc062723c751e8b465ee728b)  -> (artifact id: '66b90f9aa795bd4646530bc6615c7fe4') in 0.008684 seconds
  Import took 0.012453 seconds .

========================================================================
Received Import Request.
  Time since last request: 297.800533 seconds.
  path: Assets/Coin/Model
  artifactKey: Guid(c3d69b10830f4b6408c0c622a663cd56) Importer(815301076,1909f56bfc062723c751e8b465ee728b)
Start importing Assets/Coin/Model using Guid(c3d69b10830f4b6408c0c622a663cd56) Importer(815301076,1909f56bfc062723c751e8b465ee728b)  -> (artifact id: '19534cee6424fd8e0c0a198c26d2ec2c') in 0.003625 seconds
  Import took 0.007357 seconds .

========================================================================
Received Import Request.
  Time since last request: 8.193129 seconds.
  path: Assets/Coin/Materials & Texture
  artifactKey: Guid(295a00c7b0da1a54ab5f18a58ab2f23c) Importer(815301076,1909f56bfc062723c751e8b465ee728b)
Start importing Assets/Coin/Materials & Texture using Guid(295a00c7b0da1a54ab5f18a58ab2f23c) Importer(815301076,1909f56bfc062723c751e8b465ee728b)  -> (artifact id: '5659065ce7e6aad446ad6a2ef2eb5312') in 0.009700 seconds
  Import took 0.013611 seconds .

========================================================================
Received Import Request.
  Time since last request: 1.130860 seconds.
  path: Assets/Coin/coin-texture.jpg
  artifactKey: Guid(60ba830087f9d974c82f2271412cd201) Importer(815301076,1909f56bfc062723c751e8b465ee728b)
Start importing Assets/Coin/coin-texture.jpg using Guid(60ba830087f9d974c82f2271412cd201) Importer(815301076,1909f56bfc062723c751e8b465ee728b)  -> (artifact id: 'b4ca9433147b469acb512952c322c8b6') in 0.406751 seconds
  Import took 0.507669 seconds .

========================================================================
Received Import Request.
  Time since last request: 0.000282 seconds.
  path: Assets/Coin/gold.jpg
  artifactKey: Guid(056c240741da180468708f513c2791c6) Importer(815301076,1909f56bfc062723c751e8b465ee728b)
Start importing Assets/Coin/gold.jpg using Guid(056c240741da180468708f513c2791c6) Importer(815301076,1909f56bfc062723c751e8b465ee728b)  -> (artifact id: '5daf5be5685e0326751f20c60194ad9f') in 0.109788 seconds
  Import took 0.112909 seconds .

========================================================================
Received Import Request.
  Time since last request: 5.840165 seconds.
  path: Assets/Coin/Prefabs
  artifactKey: Guid(a22008b748f4d2a42a4822acaca00845) Importer(815301076,1909f56bfc062723c751e8b465ee728b)
Start importing Assets/Coin/Prefabs using Guid(a22008b748f4d2a42a4822acaca00845) Importer(815301076,1909f56bfc062723c751e8b465ee728b)  -> (artifact id: '313a8308358c038e1fb3cdf376dec9d2') in 0.007986 seconds
  Import took 0.012149 seconds .

========================================================================
Received Import Request.
  Time since last request: 3.863383 seconds.
  path: Assets/Coin/Prefab
  artifactKey: Guid(a22008b748f4d2a42a4822acaca00845) Importer(815301076,1909f56bfc062723c751e8b465ee728b)
Start importing Assets/Coin/Prefab using Guid(a22008b748f4d2a42a4822acaca00845) Importer(815301076,1909f56bfc062723c751e8b465ee728b)  -> (artifact id: 'c1bb3e25468b3b9b5827be230439664e') in 0.009519 seconds
  Import took 0.013111 seconds .

========================================================================
Received Import Request.
  Time since last request: 24.778397 seconds.
  path: Assets/Coin/Prefab/coin.prefab
  artifactKey: Guid(dcedd18062fb55d4cb7becab87e477e3) Importer(815301076,1909f56bfc062723c751e8b465ee728b)
Start importing Assets/Coin/Prefab/coin.prefab using Guid(dcedd18062fb55d4cb7becab87e477e3) Importer(815301076,1909f56bfc062723c751e8b465ee728b)  -> (artifact id: '5325e4ad857a1f3892d4d7c50a5042b2') in 0.501013 seconds
  Import took 0.504943 seconds .

========================================================================
Received Import Request.
  Time since last request: 5.945001 seconds.
  path: Assets/Coin/Prefab/CoinPref.prefab
  artifactKey: Guid(dcedd18062fb55d4cb7becab87e477e3) Importer(815301076,1909f56bfc062723c751e8b465ee728b)
Start importing Assets/Coin/Prefab/CoinPref.prefab using Guid(dcedd18062fb55d4cb7becab87e477e3) Importer(815301076,1909f56bfc062723c751e8b465ee728b)  -> (artifact id: 'd94276e558c7136e99e4846740a8d31c') in 0.464915 seconds
  Import took 0.469240 seconds .

========================================================================
Received Import Request.
  Time since last request: 13.119314 seconds.
  path: ProjectSettings/TagManager.asset
  artifactKey: Guid(00000000000000003000000000000000) Importer(815301076,1909f56bfc062723c751e8b465ee728b)
Start importing ProjectSettings/TagManager.asset using Guid(00000000000000003000000000000000) Importer(815301076,1909f56bfc062723c751e8b465ee728b)  -> (artifact id: 'ce6a35c3cddc746e7501c0bd0ed6d4ce') in 0.011428 seconds
  Import took 0.014654 seconds .

========================================================================
Received Import Request.
  Time since last request: 0.000747 seconds.
  path: ProjectSettings/TagManager.asset
  artifactKey: Guid(00000000000000003000000000000000) Importer(815301076,1909f56bfc062723c751e8b465ee728b)
Start importing ProjectSettings/TagManager.asset using Guid(00000000000000003000000000000000) Importer(815301076,1909f56bfc062723c751e8b465ee728b)  -> (artifact id: 'ce6a35c3cddc746e7501c0bd0ed6d4ce') in 0.003604 seconds
  Import took 0.007494 seconds .

========================================================================
Received Prepare
Registering precompiled user dll's ...
Registered in 0.028847 seconds.
Begin MonoManager ReloadAssembly
Native extension for WindowsStandalone target not found
Refreshing native plugins compatible for Editor in 0.99 ms, found 2 plugins.
Preloading 0 native plugins for Editor in 0.00 ms.
Mono: successfully reloaded assembly
- Completed reload, in  1.168 seconds
Platform modules already initialized, skipping
Switching build target platform(19) subTarget(0) extendedPlatform(0) -> platform(9) subTarget(16777218) extendedPlatform(0)
Refreshing native plugins compatible for Editor in 0.35 ms, found 2 plugins.
Preloading 0 native plugins for Editor in 0.00 ms.
Unloading 1613 Unused Serialized files (Serialized files now loaded: 0)
System memory in use before: 87.6 MB.
System memory in use after: 87.7 MB.

Unloading 17 unused Assets to reduce memory usage. Loaded Objects now: 2160.
Total: 3.128000 ms (FindLiveObjects: 0.233400 ms CreateObjectMapping: 0.114300 ms MarkObjects: 2.652100 ms  DeleteObjects: 0.126900 ms)

AssetImportParameters requested are different than current active one (requested -> active):
  custom:graphics/normal-map-encoding: 01000000000000000000000000000000 -> 02000000000000000000000000000000
========================================================================
Received Import Request.
  Time since last request: 176.071982 seconds.
  path: Assets/Scripts/GameManager.cs
  artifactKey: Guid(fe613be0c08b00845b4456852695d951) Importer(815301076,1909f56bfc062723c751e8b465ee728b)
Start importing Assets/Scripts/GameManager.cs using Guid(fe613be0c08b00845b4456852695d951) Importer(815301076,1909f56bfc062723c751e8b465ee728b)  -> (artifact id: 'ce8abd9d20bc74b060d3dfd593a0c64d') in 0.009171 seconds
  Import took 0.012467 seconds .

========================================================================
Received Prepare
Registering precompiled user dll's ...
Registered in 0.007550 seconds.
Begin MonoManager ReloadAssembly
Native extension for WindowsStandalone target not found
Refreshing native plugins compatible for Editor in 0.56 ms, found 2 plugins.
Preloading 0 native plugins for Editor in 0.00 ms.
Mono: successfully reloaded assembly
- Completed reload, in  1.173 seconds
Platform modules already initialized, skipping
Switching build target platform(19) subTarget(0) extendedPlatform(0) -> platform(9) subTarget(16777218) extendedPlatform(0)
Refreshing native plugins compatible for Editor in 0.36 ms, found 2 plugins.
Preloading 0 native plugins for Editor in 0.00 ms.
Unloading 1613 Unused Serialized files (Serialized files now loaded: 0)
System memory in use before: 87.6 MB.
System memory in use after: 87.7 MB.

Unloading 15 unused Assets to reduce memory usage. Loaded Objects now: 2163.
Total: 2.508900 ms (FindLiveObjects: 0.177800 ms CreateObjectMapping: 0.052500 ms MarkObjects: 2.145300 ms  DeleteObjects: 0.132100 ms)

AssetImportParameters requested are different than current active one (requested -> active):
  custom:graphics/normal-map-encoding: 01000000000000000000000000000000 -> 02000000000000000000000000000000
========================================================================
Received Import Request.
  Time since last request: 25.156369 seconds.
  path: Assets/Scripts/GameManager.cs
  artifactKey: Guid(fe613be0c08b00845b4456852695d951) Importer(815301076,1909f56bfc062723c751e8b465ee728b)
Start importing Assets/Scripts/GameManager.cs using Guid(fe613be0c08b00845b4456852695d951) Importer(815301076,1909f56bfc062723c751e8b465ee728b)  -> (artifact id: '59de349c887659ee091ba10b96c80ff6') in 0.004907 seconds
  Import took 0.131854 seconds .

========================================================================
Received Import Request.
  Time since last request: 0.745776 seconds.
  path: Assets/Scripts/CameraAnim.controller
  artifactKey: Guid(f2d0b23864c7ff042ab09385d0bd7493) Importer(815301076,1909f56bfc062723c751e8b465ee728b)
Start importing Assets/Scripts/CameraAnim.controller using Guid(f2d0b23864c7ff042ab09385d0bd7493) Importer(815301076,1909f56bfc062723c751e8b465ee728b)  -> (artifact id: 'f2b1dc7f73ce9a45fa22fbb8b4cf7a8c') in 0.059623 seconds
  Import took 0.063426 seconds .

========================================================================
Received Prepare
Registering precompiled user dll's ...
Registered in 0.006713 seconds.
Begin MonoManager ReloadAssembly
Native extension for WindowsStandalone target not found
Refreshing native plugins compatible for Editor in 0.37 ms, found 2 plugins.
Preloading 0 native plugins for Editor in 0.00 ms.
Mono: successfully reloaded assembly
- Completed reload, in  1.243 seconds
Platform modules already initialized, skipping
Switching build target platform(19) subTarget(0) extendedPlatform(0) -> platform(9) subTarget(16777218) extendedPlatform(0)
Refreshing native plugins compatible for Editor in 0.44 ms, found 2 plugins.
Preloading 0 native plugins for Editor in 0.00 ms.
Unloading 1613 Unused Serialized files (Serialized files now loaded: 0)
System memory in use before: 87.7 MB.
System memory in use after: 87.7 MB.

Unloading 15 unused Assets to reduce memory usage. Loaded Objects now: 2166.
Total: 2.341000 ms (FindLiveObjects: 0.193500 ms CreateObjectMapping: 0.059900 ms MarkObjects: 2.016100 ms  DeleteObjects: 0.070400 ms)

AssetImportParameters requested are different than current active one (requested -> active):
  custom:graphics/normal-map-encoding: 01000000000000000000000000000000 -> 02000000000000000000000000000000
========================================================================
Received Prepare
Registering precompiled user dll's ...
Registered in 0.007127 seconds.
Begin MonoManager ReloadAssembly
Native extension for WindowsStandalone target not found
Refreshing native plugins compatible for Editor in 0.66 ms, found 2 plugins.
Preloading 0 native plugins for Editor in 0.00 ms.
Mono: successfully reloaded assembly
- Completed reload, in  1.406 seconds
Platform modules already initialized, skipping
Switching build target platform(19) subTarget(0) extendedPlatform(0) -> platform(9) subTarget(16777218) extendedPlatform(0)
Refreshing native plugins compatible for Editor in 0.50 ms, found 2 plugins.
Preloading 0 native plugins for Editor in 0.00 ms.
Unloading 1613 Unused Serialized files (Serialized files now loaded: 0)
System memory in use before: 87.7 MB.
System memory in use after: 87.7 MB.

Unloading 15 unused Assets to reduce memory usage. Loaded Objects now: 2169.
Total: 2.906700 ms (FindLiveObjects: 0.277100 ms CreateObjectMapping: 0.083600 ms MarkObjects: 2.450200 ms  DeleteObjects: 0.094000 ms)

AssetImportParameters requested are different than current active one (requested -> active):
  custom:graphics/normal-map-encoding: 01000000000000000000000000000000 -> 02000000000000000000000000000000
========================================================================
Received Prepare
Registering precompiled user dll's ...
Registered in 0.005514 seconds.
Begin MonoManager ReloadAssembly
Native extension for WindowsStandalone target not found
Refreshing native plugins compatible for Editor in 0.36 ms, found 2 plugins.
Preloading 0 native plugins for Editor in 0.00 ms.
Mono: successfully reloaded assembly
- Completed reload, in  1.244 seconds
Platform modules already initialized, skipping
Switching build target platform(19) subTarget(0) extendedPlatform(0) -> platform(9) subTarget(16777218) extendedPlatform(0)
Refreshing native plugins compatible for Editor in 0.39 ms, found 2 plugins.
Preloading 0 native plugins for Editor in 0.00 ms.
Unloading 1613 Unused Serialized files (Serialized files now loaded: 0)
System memory in use before: 87.7 MB.
System memory in use after: 87.7 MB.

Unloading 15 unused Assets to reduce memory usage. Loaded Objects now: 2172.
Total: 2.222700 ms (FindLiveObjects: 0.189500 ms CreateObjectMapping: 0.091600 ms MarkObjects: 1.836100 ms  DeleteObjects: 0.104200 ms)

AssetImportParameters requested are different than current active one (requested -> active):
  custom:graphics/normal-map-encoding: 01000000000000000000000000000000 -> 02000000000000000000000000000000
