Using pre-set license
Built from '2020.3/staging' branch; Version is '2020.3.11f1 (99c7afb366b3) revision 10078127'; Using compiler version '192528614'; Build Type 'Release'
OS: 'Windows 10 Pro; OS build 19043.1083; Version 2009; 64bit' Language: 'en' Physical Memory: 16238 MB
BatchMode: 1, IsHumanControllingUs: 0, StartBugReporterOnCrash: 0, Is64bit: 1, IsPro: 0

 COMMAND LINE ARGUMENTS:
C:\Program Files\Unity\Hub\Editor\2020.3.11f1\Editor\Unity.exe
-adb2
-batchMode
-noUpm
-name
AssetImportWorker0
-projectPath
D:/orhun/Git/Week4_Runner
-logFile
Logs/AssetImportWorker0.log
-srvPort
65371
Successfully changed project path to: D:/orhun/Git/Week4_Runner
D:/orhun/Git/Week4_Runner
Using Asset Import Pipeline V2.
Refreshing native plugins compatible for Editor in 44.58 ms, found 2 plugins.
Preloading 0 native plugins for Editor in 0.00 ms.
Initialize engine version: 2020.3.11f1 (99c7afb366b3)
[Subsystems] Discovering subsystems at path C:/Program Files/Unity/Hub/Editor/2020.3.11f1/Editor/Data/Resources/UnitySubsystems
[Subsystems] Discovering subsystems at path D:/orhun/Git/Week4_Runner/Assets
GfxDevice: creating device client; threaded=0
Direct3D:
    Version:  Direct3D 11.0 [level 11.1]
    Renderer: NVIDIA GeForce GTX 1050 (ID=0x1c8d)
    Vendor:   
    VRAM:     4050 MB
    Driver:   22.21.13.8205
Initialize mono
Mono path[0] = 'C:/Program Files/Unity/Hub/Editor/2020.3.11f1/Editor/Data/Managed'
Mono path[1] = 'C:/Program Files/Unity/Hub/Editor/2020.3.11f1/Editor/Data/MonoBleedingEdge/lib/mono/unityjit'
Mono config path = 'C:/Program Files/Unity/Hub/Editor/2020.3.11f1/Editor/Data/MonoBleedingEdge/etc'
Using monoOptions --debugger-agent=transport=dt_socket,embedding=1,server=y,suspend=n,address=127.0.0.1:56080
Begin MonoManager ReloadAssembly
Registering precompiled unity dll's ...
Register platform support module: C:/Program Files/Unity/Hub/Editor/2020.3.11f1/Editor/Data/PlaybackEngines/WindowsStandaloneSupport/UnityEditor.WindowsStandalone.Extensions.dll
Registered in 0.001659 seconds.
Native extension for WindowsStandalone target not found
Refreshing native plugins compatible for Editor in 40.10 ms, found 2 plugins.
Preloading 0 native plugins for Editor in 0.00 ms.
Mono: successfully reloaded assembly
- Completed reload, in  1.220 seconds
Platform modules already initialized, skipping
Registering precompiled user dll's ...
Registered in 0.006971 seconds.
Begin MonoManager ReloadAssembly
Native extension for WindowsStandalone target not found
Refreshing native plugins compatible for Editor in 37.63 ms, found 2 plugins.
Preloading 0 native plugins for Editor in 0.00 ms.
Mono: successfully reloaded assembly
- Completed reload, in  1.250 seconds
Platform modules already initialized, skipping
========================================================================
Worker process is ready to serve import requests
Launched and connected shader compiler UnityShaderCompiler.exe after 0.04 seconds
Refreshing native plugins compatible for Editor in 0.38 ms, found 2 plugins.
Preloading 0 native plugins for Editor in 0.00 ms.
Unloading 1645 Unused Serialized files (Serialized files now loaded: 0)
System memory in use before: 87.0 MB.
System memory in use after: 87.1 MB.

Unloading 20 unused Assets to reduce memory usage. Loaded Objects now: 2078.
Total: 2.441000 ms (FindLiveObjects: 0.170900 ms CreateObjectMapping: 0.051100 ms MarkObjects: 2.077500 ms  DeleteObjects: 0.140600 ms)

========================================================================
Received Import Request.
  path: Assets/Chibi
  artifactKey: Guid(a3d6024c785b4e97a34b3d54f50581a4) Importer(815301076,1909f56bfc062723c751e8b465ee728b)
Start importing Assets/Chibi using Guid(a3d6024c785b4e97a34b3d54f50581a4) Importer(815301076,1909f56bfc062723c751e8b465ee728b)  -> (artifact id: 'f2b55104d96888c58a4a9aa87ce69685') in 0.009622 seconds
  Import took 0.012301 seconds .

========================================================================
Received Prepare
Registering precompiled user dll's ...
Registered in 0.006042 seconds.
Begin MonoManager ReloadAssembly
Native extension for WindowsStandalone target not found
Refreshing native plugins compatible for Editor in 0.52 ms, found 2 plugins.
Preloading 0 native plugins for Editor in 0.00 ms.
Mono: successfully reloaded assembly
- Completed reload, in  1.346 seconds
Platform modules already initialized, skipping
Switching build target platform(19) subTarget(0) extendedPlatform(0) -> platform(9) subTarget(16777218) extendedPlatform(0)
Refreshing native plugins compatible for Editor in 0.61 ms, found 2 plugins.
Preloading 0 native plugins for Editor in 0.00 ms.
Unloading 1613 Unused Serialized files (Serialized files now loaded: 0)
System memory in use before: 83.5 MB.
System memory in use after: 83.5 MB.

Unloading 15 unused Assets to reduce memory usage. Loaded Objects now: 2081.
Total: 2.876200 ms (FindLiveObjects: 0.267800 ms CreateObjectMapping: 0.088600 ms MarkObjects: 2.444600 ms  DeleteObjects: 0.073500 ms)

AssetImportParameters requested are different than current active one (requested -> active):
  custom:graphics/normal-map-encoding: 01000000000000000000000000000000 -> 02000000000000000000000000000000
========================================================================
Received Import Request.
  Time since last request: 12.573943 seconds.
  path: Assets/Chibi/Animations/chibi.tshirt@Running.fbx
  artifactKey: Guid(021714cc34826e349ac724fcf3d21ecf) Importer(815301076,1909f56bfc062723c751e8b465ee728b)
Start importing Assets/Chibi/Animations/chibi.tshirt@Running.fbx using Guid(021714cc34826e349ac724fcf3d21ecf) Importer(815301076,1909f56bfc062723c751e8b465ee728b)  -> (artifact id: '1f462fe1a00b3dadc71c31e5d34c1978') in 0.096787 seconds
  Import took 0.101880 seconds .

========================================================================
Received Prepare
Registering precompiled user dll's ...
Registered in 0.005833 seconds.
Begin MonoManager ReloadAssembly
Native extension for WindowsStandalone target not found
Refreshing native plugins compatible for Editor in 0.42 ms, found 2 plugins.
Preloading 0 native plugins for Editor in 0.00 ms.
Mono: successfully reloaded assembly
- Completed reload, in  1.235 seconds
Platform modules already initialized, skipping
Switching build target platform(19) subTarget(0) extendedPlatform(0) -> platform(9) subTarget(16777218) extendedPlatform(0)
Refreshing native plugins compatible for Editor in 0.46 ms, found 2 plugins.
Preloading 0 native plugins for Editor in 0.00 ms.
Unloading 1613 Unused Serialized files (Serialized files now loaded: 0)
System memory in use before: 83.5 MB.
System memory in use after: 83.6 MB.

Unloading 15 unused Assets to reduce memory usage. Loaded Objects now: 2084.
Total: 2.619300 ms (FindLiveObjects: 0.213000 ms CreateObjectMapping: 0.067700 ms MarkObjects: 2.241400 ms  DeleteObjects: 0.096000 ms)

AssetImportParameters requested are different than current active one (requested -> active):
  custom:graphics/normal-map-encoding: 01000000000000000000000000000000 -> 02000000000000000000000000000000
========================================================================
Received Import Request.
  Time since last request: 17.392287 seconds.
  path: Assets/Chibi/Animations/chibi.tshirt@Running.fbx
  artifactKey: Guid(021714cc34826e349ac724fcf3d21ecf) Importer(815301076,1909f56bfc062723c751e8b465ee728b)
Start importing Assets/Chibi/Animations/chibi.tshirt@Running.fbx using Guid(021714cc34826e349ac724fcf3d21ecf) Importer(815301076,1909f56bfc062723c751e8b465ee728b)  -> (artifact id: '21295fee90cf1ce6c4cfb51b0ac13767') in 0.035740 seconds
  Import took 0.039815 seconds .

